[debug] [2025-11-08T08:02:07.964Z] ----------------------------------------------------------------------
[debug] [2025-11-08T08:02:07.966Z] Command:       C:\Program Files\nodejs\node.exe C:\Users\Dhileep\AppData\Roaming\npm\node_modules\firebase-tools\lib\bin\firebase.js init
[debug] [2025-11-08T08:02:07.966Z] CLI Version:   14.15.2
[debug] [2025-11-08T08:02:07.967Z] Platform:      win32
[debug] [2025-11-08T08:02:07.967Z] Node Version:  v22.16.0
[debug] [2025-11-08T08:02:07.967Z] Time:          Sat Nov 08 2025 13:32:07 GMT+0530 (India Standard Time)
[debug] [2025-11-08T08:02:07.967Z] ----------------------------------------------------------------------
[debug] 
[debug] [2025-11-08T08:02:07.968Z] >>> [apiv2][query] GET https://firebase-public.firebaseio.com/cli.json [none]
[debug] [2025-11-08T08:02:07.999Z] > command requires scopes: ["email","openid","https://www.googleapis.com/auth/cloudplatformprojects.readonly","https://www.googleapis.com/auth/firebase","https://www.googleapis.com/auth/cloud-platform"]
[debug] [2025-11-08T08:02:07.999Z] > authorizing via signed-in user (dhileepkumargm@gmail.com)
[info] 
     ######## #### ########  ######## ########     ###     ######  ########
     ##        ##  ##     ## ##       ##     ##  ##   ##  ##       ##
     ######    ##  ########  ######   ########  #########  ######  ######
     ##        ##  ##    ##  ##       ##     ## ##     ##       ## ##
     ##       #### ##     ## ######## ########  ##     ##  ######  ########

You're about to initialize a Firebase project in this directory:

  C:\Users\Dhileep\vibe.dev

[debug] [2025-11-08T08:02:08.598Z] <<< [apiv2][status] GET https://firebase-public.firebaseio.com/cli.json 200
[debug] [2025-11-08T08:02:08.598Z] <<< [apiv2][body] GET https://firebase-public.firebaseio.com/cli.json {"cloudBuildErrorAfter":1594252800000,"cloudBuildWarnAfter":1590019200000,"defaultNode10After":1594252800000,"minVersion":"3.0.5","node8DeploysDisabledAfter":1613390400000,"node8RuntimeDisabledAfter":1615809600000,"node8WarnAfter":1600128000000}
